#
# A fatal error has been detected by the Java Runtime Environment:
#
#  SIGSEGV (0xb) at pc=0x00007fff8f52b0dd, pid=28967, tid=1811
#
# JRE version: Java(TM) SE Runtime Environment (7.0_71-b14) (build 1.7.0_71-b14)
# Java VM: Java HotSpot(TM) 64-Bit Server VM (24.71-b01 mixed mode bsd-amd64 compressed oops)
# Problematic frame:
# C  [libobjc.A.dylib+0x10dd]  objc_msgSend+0x1d
#
# Failed to write core dump. Core dumps have been disabled. To enable core dumping, try "ulimit -c unlimited" before starting Java again
#
# If you would like to submit a bug report, please visit:
#   http://bugreport.sun.com/bugreport/crash.jsp
# The crash happened outside the Java Virtual Machine in native code.
# See problematic frame for where to report the bug.
#

---------------  T H R E A D  ---------------

Current thread (0x00007fd7da863800):  JavaThread "AppKit Thread" daemon [_thread_in_native, id=1811, stack(0x00007fff51825000,0x00007fff518a5000)]

siginfo:si_signo=SIGSEGV: si_errno=0, si_code=1 (SEGV_MAPERR), si_addr=0x0000000000000018

Registers:
RAX=0x00007fd7da544f20, RBX=0x00007fff518a0958, RCX=0x0000000000000000, RDX=0x00007fd7da45c5a0
RSP=0x00007fff518a0778, RBP=0x00007fff518a0780, RSI=0x00007fff8518a423, RDI=0x00007fd7da544f20
R8 =0x00007fff518a0760, R9 =0x0000000000000055, R10=0x00007fff8518a423, R11=0x0000000000000000
R12=0x00007fd7da71df90, R13=0x00000000000f42ee, R14=0x00007fd7da5518f0, R15=0x00007fff518a08b8
RIP=0x00007fff8f52b0dd, EFLAGS=0x0000000000010246, ERR=0x0000000000000004
  TRAPNO=0x000000000000000e

Top of Stack: (sp=0x00007fff518a0778)
0x00007fff518a0778:   00007fff8ae3e45c 00007fff518a0ae0
0x00007fff518a0788:   00007fff8ad2e634 00007fff518a080c
0x00007fff518a0798:   00007fff518a0810 00007fff518a0814
0x00007fff518a07a8:   00007fff74a03e00 ffffffffffffffff
0x00007fff518a07b8:   00000000000007f8 00007fff74a03e18
0x00007fff518a07c8:   00007fd7da5518f0 0000000000000000
0x00007fff518a07d8:   00007fff518a08b0 0000000000000000
0x00007fff518a07e8:   00007fd7da554190 00007fff518a0930
0x00007fff518a07f8:   0000000000000055 00000000000f42f0
0x00007fff518a0808:   00007fd7da45c5a0 00007fd7da73f680
0x00007fff518a0818:   00007fd7da71df90 0000000000000001
0x00007fff518a0828:   00000000000f42ee 00007fd7da71df80
0x00007fff518a0838:   00007fff8a1d6c05 00000001753d3070
0x00007fff518a0848:   00007fff757570d0 0000000042000000
0x00007fff518a0858:   00007fff8a1dde63 00007fff749ce240
0x00007fff518a0868:   00007fff518a0938 0000000000000000
0x00007fff518a0878:   00007fff754148c8 0000000000000000
0x00007fff518a0888:   0000000000000024 0001eb038f54b97a
0x00007fff518a0898:   00007fd7da71dfb4 0000000000000000
0x00007fff518a08a8:   00000000003c6e01 00007fd7da52abf0
0x00007fff518a08b8:   00007fd7da5518f0 0000000000000000
0x00007fff518a08c8:   00007fff851c345d 00007fff518a0970
0x00007fff518a08d8:   00007fff920a2513 00007fff518a0954
0x00007fff518a08e8:   00000000003c6f01 00000000ffffffff
0x00007fff518a08f8:   00007fff754148c8 00000000003c6f00
0x00007fff518a0908:   00007fff00000000 00007fff518a0a00
0x00007fff518a0918:   00007fff92254edc 00007fff754148e8
0x00007fff518a0928:   00007fff851c345d 0000000000000051
0x00007fff518a0938:   0000000000000000 00000000000f42e3
0x00007fff518a0948:   0000000000000053 0000000000000000
0x00007fff518a0958:   00000000000f42ee 00007fff518a09d4
0x00007fff518a0968:   00000000003c7e01 00000000ffffffff 

Instructions: (pc=0x00007fff8f52b0dd)
0x00007fff8f52b0bd:   00 00 00 48 85 ff 2e 74 7a 40 f6 c7 01 2e 75 7e
0x00007fff8f52b0cd:   49 bb f8 ff ff ff ff 7f 00 00 4c 23 1f 49 89 f2
0x00007fff8f52b0dd:   45 23 53 18 49 c1 e2 04 4d 03 53 10 49 3b 32 75
0x00007fff8f52b0ed:   04 41 ff 62 08 49 83 3a 00 74 6a 4d 3b 53 10 74 

Register to memory mapping:

RAX=0x00007fd7da544f20 is an unknown value
RBX=0x00007fff518a0958 is pointing into the stack for thread: 0x00007fd7da863800
RCX=0x0000000000000000 is an unknown value
RDX=0x00007fd7da45c5a0 is an unknown value
RSP=0x00007fff518a0778 is pointing into the stack for thread: 0x00007fd7da863800
RBP=0x00007fff518a0780 is pointing into the stack for thread: 0x00007fd7da863800
RSI=0x00007fff8518a423: -[NSTitlebarContainerView transparent]+0x5e307 in /System/Library/Frameworks/AppKit.framework/Versions/C/AppKit at 0x00007fff84789000
RDI=0x00007fd7da544f20 is an unknown value
R8 =0x00007fff518a0760 is pointing into the stack for thread: 0x00007fd7da863800
R9 =0x0000000000000055 is an unknown value
R10=0x00007fff8518a423: -[NSTitlebarContainerView transparent]+0x5e307 in /System/Library/Frameworks/AppKit.framework/Versions/C/AppKit at 0x00007fff84789000
R11=0x0000000000000000 is an unknown value
R12=0x00007fd7da71df90 is an unknown value
R13=0x00000000000f42ee is an unknown value
R14=0x00007fd7da5518f0 is an unknown value
R15=0x00007fff518a08b8 is pointing into the stack for thread: 0x00007fd7da863800


Stack: [0x00007fff51825000,0x00007fff518a5000],  sp=0x00007fff518a0778,  free space=493k
Native frames: (J=compiled Java code, j=interpreted, Vv=VM code, C=native code)
C  [libobjc.A.dylib+0x10dd]  objc_msgSend+0x1d
C  [CoreFoundation+0x10634]  _CFXNotificationPost+0xc44
C  [Foundation+0x79d1]  -[NSNotificationCenter postNotificationName:object:userInfo:]+0x42
C  [AppKit+0x43ac2]  -[NSSurface _disposeSurface]+0x98
C  [AppKit+0x43526]  -[NSSurface setWindow:]+0x42
C  [AppKit+0x33a10]  -[NSView _setWindow:]+0xa33
C  [AppKit+0x6b091]  -[NSView removeFromSuperview]+0x1c5
C  [AppKit+0x14bea9]  -[NSView removeFromSuperviewWithoutNeedingDisplay]+0x26
C  [liblwjgl.dylib+0xa205]  +[MacOSXKeyableWindow destroyWindow]+0xb5
C  [Foundation+0x92d00]  __NSThreadPerformPerform+0x125
C  [CoreFoundation+0x80a01]  __CFRUNLOOP_IS_CALLING_OUT_TO_A_SOURCE0_PERFORM_FUNCTION__+0x11
C  [CoreFoundation+0x72b8d]  __CFRunLoopDoSources0+0x10d
C  [CoreFoundation+0x721bf]  __CFRunLoopRun+0x39f
C  [CoreFoundation+0x71bd8]  CFRunLoopRunSpecific+0x128
C  [HIToolbox+0x3256f]  RunCurrentEventLoopInMode+0xeb
C  [HIToolbox+0x321ee]  ReceiveNextEventCommon+0xb3
C  [HIToolbox+0x3212b]  _BlockUntilNextEventMatchingListInModeWithFilter+0x47
C  [AppKit+0x919bb]  _DPSNextEvent+0x3d2
C  [AppKit+0x90f68]  -[NSApplication nextEventMatchingMask:untilDate:inMode:dequeue:]+0x15a
C  [libosxapp.dylib+0x24e3]  -[NSApplicationAWT nextEventMatchingMask:untilDate:inMode:dequeue:]+0x7c
C  [AppKit+0x86bf3]  -[NSApplication run]+0x252
C  [libosxapp.dylib+0x2346]  +[NSApplicationAWT runAWTLoopWithApp:]+0x9c
C  [liblwawt.dylib+0xd539]  -[AWTStarter starter:]+0x369
C  [Foundation+0x92d00]  __NSThreadPerformPerform+0x125
C  [CoreFoundation+0x80a01]  __CFRUNLOOP_IS_CALLING_OUT_TO_A_SOURCE0_PERFORM_FUNCTION__+0x11
C  [CoreFoundation+0x72b8d]  __CFRunLoopDoSources0+0x10d
C  [CoreFoundation+0x721bf]  __CFRunLoopRun+0x39f
C  [CoreFoundation+0x71bd8]  CFRunLoopRunSpecific+0x128
C  [java+0x73b0]  CreateExecutionEnvironment+0x367
C  [java+0x1b5c]  JLI_Launch+0x7a0
C  [java+0x770d]  main+0x65
C  [java+0x13b4]  start+0x34


---------------  P R O C E S S  ---------------

Java Threads: ( => current thread )
  0x00007fd7db0dc000 JavaThread "AWT-Shutdown" [_thread_blocked, id=27923, stack(0x000000011c841000,0x000000011c941000)]
=>0x00007fd7da863800 JavaThread "AppKit Thread" daemon [_thread_in_native, id=1811, stack(0x00007fff51825000,0x00007fff518a5000)]
  0x00007fd7db851000 JavaThread "Service Thread" daemon [_thread_blocked, id=17667, stack(0x000000011acbc000,0x000000011adbc000)]
  0x00007fd7db850800 JavaThread "C2 CompilerThread1" daemon [_thread_blocked, id=17155, stack(0x000000011abb9000,0x000000011acb9000)]
  0x00007fd7db84f000 JavaThread "C2 CompilerThread0" daemon [_thread_blocked, id=16643, stack(0x000000011aab6000,0x000000011abb6000)]
  0x00007fd7db80c800 JavaThread "Signal Dispatcher" daemon [_thread_blocked, id=13335, stack(0x000000011a9b3000,0x000000011aab3000)]
  0x00007fd7dc005800 JavaThread "Finalizer" daemon [_thread_blocked, id=11523, stack(0x0000000118fa3000,0x00000001190a3000)]
  0x00007fd7db007000 JavaThread "Reference Handler" daemon [_thread_blocked, id=11011, stack(0x0000000118ea0000,0x0000000118fa0000)]
  0x00007fd7db800000 JavaThread "main" [_thread_in_native, id=4867, stack(0x000000010e471000,0x000000010e571000)]

Other Threads:
  0x00007fd7db004800 VMThread [stack: 0x0000000118d9d000,0x0000000118e9d000] [id=10499]
  0x00007fd7db84e000 WatcherThread [stack: 0x000000011adbf000,0x000000011aebf000] [id=18179]

VM state:not at safepoint (normal execution)

VM Mutex/Monitor currently owned by a thread: None

Heap
 PSYoungGen      total 38912K, used 7448K [0x00000007d5500000, 0x00000007d8000000, 0x0000000800000000)
  eden space 33792K, 22% used [0x00000007d5500000,0x00000007d5c46030,0x00000007d7600000)
  from space 5120K, 0% used [0x00000007d7b00000,0x00000007d7b00000,0x00000007d8000000)
  to   space 5120K, 0% used [0x00000007d7600000,0x00000007d7600000,0x00000007d7b00000)
 ParOldGen       total 87040K, used 0K [0x0000000780000000, 0x0000000785500000, 0x00000007d5500000)
  object space 87040K, 0% used [0x0000000780000000,0x0000000780000000,0x0000000785500000)
 PSPermGen       total 21504K, used 5978K [0x000000077ae00000, 0x000000077c300000, 0x0000000780000000)
  object space 21504K, 27% used [0x000000077ae00000,0x000000077b3d6910,0x000000077c300000)

Card table byte_map: [0x0000000112920000,0x0000000112d4a000] byte_map_base: 0x000000010ed49000

Polling page: 0x000000010e5b0000

Code Cache  [0x000000010f860000, 0x000000010fad0000, 0x0000000112860000)
 total_blobs=380 nmethods=52 adapters=283 free_code_cache=48627Kb largest_free_block=49774016

Compilation events (10 events):
Event: 4.254 Thread 0x00007fd7db84f000   46             org.newdawn.slick.opengl.renderer.ImmediateModeOGLRenderer::glTexCoord2f (6 bytes)
Event: 4.254 Thread 0x00007fd7db850800   47             org.lwjgl.opengl.GL11::glTexCoord2f (20 bytes)
Event: 4.257 Thread 0x00007fd7db850800 nmethod 47 0x000000010f8e4e10 code [0x000000010f8e4f60, 0x000000010f8e5068]
Event: 4.257 Thread 0x00007fd7db84f000 nmethod 46 0x000000010f8e49d0 code [0x000000010f8e4b20, 0x000000010f8e4c48]
Event: 4.258 Thread 0x00007fd7db850800   49             org.newdawn.slick.opengl.renderer.ImmediateModeOGLRenderer::glVertex3f (7 bytes)
Event: 4.258 Thread 0x00007fd7db84f000   50             org.lwjgl.opengl.GL11::glVertex3f (24 bytes)
Event: 4.259 Thread 0x00007fd7db850800 nmethod 49 0x000000010f8e41d0 code [0x000000010f8e4320, 0x000000010f8e4468]
Event: 4.260 Thread 0x00007fd7db84f000 nmethod 50 0x000000010f8e6610 code [0x000000010f8e6760, 0x000000010f8e6888]
Event: 4.508 Thread 0x00007fd7db850800   52             java.nio.Buffer::limit (62 bytes)
Event: 4.509 Thread 0x00007fd7db850800 nmethod 52 0x000000010f8e0b10 code [0x000000010f8e0c40, 0x000000010f8e0cd8]

GC Heap History (0 events):
No events

Deoptimization events (0 events):
No events

Internal exceptions (10 events):
Event: 0.802 Thread 0x00007fd7db800000 Threw 0x00000007d5b16798 at /HUDSON/workspace/7u-2-build-macosx-x86_64/jdk7u71/1605/hotspot/src/share/vm/prims/jvm.cpp:1281
Event: 0.808 Thread 0x00007fd7db800000 Threw 0x00000007d5b1c4b8 at /HUDSON/workspace/7u-2-build-macosx-x86_64/jdk7u71/1605/hotspot/src/share/vm/prims/jvm.cpp:1281
Event: 0.810 Thread 0x00007fd7db800000 Threw 0x00000007d5b351a0 at /HUDSON/workspace/7u-2-build-macosx-x86_64/jdk7u71/1605/hotspot/src/share/vm/prims/jvm.cpp:1281
Event: 0.829 Thread 0x00007fd7db800000 Threw 0x00000007d5b77000 at /HUDSON/workspace/7u-2-build-macosx-x86_64/jdk7u71/1605/hotspot/src/share/vm/prims/jvm.cpp:1281
Event: 0.830 Thread 0x00007fd7db800000 Threw 0x00000007d5b853a8 at /HUDSON/workspace/7u-2-build-macosx-x86_64/jdk7u71/1605/hotspot/src/share/vm/prims/jvm.cpp:1281
Event: 0.830 Thread 0x00007fd7db800000 Threw 0x00000007d5b85550 at /HUDSON/workspace/7u-2-build-macosx-x86_64/jdk7u71/1605/hotspot/src/share/vm/classfile/systemDictionary.cpp:174
Event: 0.830 Thread 0x00007fd7db800000 Threw 0x00000007d5b866c8 at /HUDSON/workspace/7u-2-build-macosx-x86_64/jdk7u71/1605/hotspot/src/share/vm/prims/jvm.cpp:1281
Event: 0.831 Thread 0x00007fd7db800000 Threw 0x00000007d5b93e18 at /HUDSON/workspace/7u-2-build-macosx-x86_64/jdk7u71/1605/hotspot/src/share/vm/prims/jvm.cpp:1281
Event: 0.833 Thread 0x00007fd7db800000 Threw 0x00000007d5b9d948 at /HUDSON/workspace/7u-2-build-macosx-x86_64/jdk7u71/1605/hotspot/src/share/vm/prims/jvm.cpp:1281
Event: 4.715 Thread 0x00007fd7db800000 Threw 0x00000007d5bd76c0 at /HUDSON/workspace/7u-2-build-macosx-x86_64/jdk7u71/1605/hotspot/src/share/vm/prims/jvm.cpp:1281

Events (10 events):
Event: 0.833 loading class 0x0000000117b3fcc0
Event: 0.833 loading class 0x0000000117b3fcc0 done
Event: 0.833 loading class 0x0000000117b3fc30
Event: 0.833 loading class 0x0000000117b3fc30 done
Event: 0.833 loading class 0x00007fd7da50f740
Event: 0.833 loading class 0x00007fd7da50f740 done
Event: 4.092 Executing VM operation: EnableBiasedLocking
Event: 4.092 Executing VM operation: EnableBiasedLocking done
Event: 4.715 loading class 0x00007fd7da62f730
Event: 4.715 loading class 0x00007fd7da62f730 done


Dynamic libraries:
0x0000000003a86000 	/System/Library/Frameworks/Cocoa.framework/Versions/A/Cocoa
0x0000000003a86000 	/System/Library/Frameworks/Security.framework/Versions/A/Security
0x0000000003a86000 	/System/Library/Frameworks/ApplicationServices.framework/Versions/A/ApplicationServices
0x0000000003a86000 	/usr/lib/libz.1.dylib
0x0000000003a86000 	/usr/lib/libSystem.B.dylib
0x0000000003a86000 	/usr/lib/libobjc.A.dylib
0x0000000003a86000 	/System/Library/Frameworks/CoreFoundation.framework/Versions/A/CoreFoundation
0x0000000003a86000 	/System/Library/Frameworks/Foundation.framework/Versions/C/Foundation
0x0000000003a86000 	/System/Library/Frameworks/AppKit.framework/Versions/C/AppKit
0x0000000003a86000 	/System/Library/Frameworks/CoreData.framework/Versions/A/CoreData
0x0000000003a86000 	/System/Library/PrivateFrameworks/RemoteViewServices.framework/Versions/A/RemoteViewServices
0x0000000003a86000 	/System/Library/PrivateFrameworks/UIFoundation.framework/Versions/A/UIFoundation
0x0000000003a86000 	/System/Library/Frameworks/IOSurface.framework/Versions/A/IOSurface
0x0000000003a86000 	/System/Library/Frameworks/AudioToolbox.framework/Versions/A/AudioToolbox
0x0000000003a86000 	/System/Library/Frameworks/AudioUnit.framework/Versions/A/AudioUnit
0x0000000003a86000 	/System/Library/PrivateFrameworks/DataDetectorsCore.framework/Versions/A/DataDetectorsCore
0x0000000003a86000 	/System/Library/PrivateFrameworks/DesktopServicesPriv.framework/Versions/A/DesktopServicesPriv
0x0000000003a86000 	/System/Library/Frameworks/Carbon.framework/Versions/A/Frameworks/HIToolbox.framework/Versions/A/HIToolbox
0x0000000003a86000 	/System/Library/Frameworks/QuartzCore.framework/Versions/A/QuartzCore
0x0000000003a86000 	/System/Library/Frameworks/Carbon.framework/Versions/A/Frameworks/SpeechRecognition.framework/Versions/A/SpeechRecognition
0x0000000003a86000 	/usr/lib/libauto.dylib
0x0000000003a86000 	/usr/lib/libicucore.A.dylib
0x0000000003a86000 	/usr/lib/libxml2.2.dylib
0x0000000003a86000 	/System/Library/PrivateFrameworks/CoreUI.framework/Versions/A/CoreUI
0x0000000003a86000 	/System/Library/Frameworks/CoreAudio.framework/Versions/A/CoreAudio
0x0000000003a86000 	/System/Library/Frameworks/DiskArbitration.framework/Versions/A/DiskArbitration
0x0000000003a86000 	/usr/lib/liblangid.dylib
0x0000000003a86000 	/System/Library/PrivateFrameworks/MultitouchSupport.framework/Versions/A/MultitouchSupport
0x0000000003a86000 	/System/Library/Frameworks/IOKit.framework/Versions/A/IOKit
0x0000000003a86000 	/usr/lib/libDiagnosticMessagesClient.dylib
0x0000000003a86000 	/System/Library/Frameworks/CoreServices.framework/Versions/A/CoreServices
0x0000000003a86000 	/System/Library/PrivateFrameworks/PerformanceAnalysis.framework/Versions/A/PerformanceAnalysis
0x0000000003a86000 	/System/Library/PrivateFrameworks/GenerationalStorage.framework/Versions/A/GenerationalStorage
0x0000000003a86000 	/System/Library/Frameworks/OpenGL.framework/Versions/A/OpenGL
0x0000000003a86000 	/System/Library/PrivateFrameworks/Sharing.framework/Versions/A/Sharing
0x0000000003a86000 	/System/Library/Frameworks/CoreGraphics.framework/Versions/A/CoreGraphics
0x0000000003a86000 	/System/Library/Frameworks/CoreText.framework/Versions/A/CoreText
0x0000000003a86000 	/System/Library/Frameworks/ImageIO.framework/Versions/A/ImageIO
0x0000000003a86000 	/usr/lib/libextension.dylib
0x0000000003a86000 	/System/Library/PrivateFrameworks/Backup.framework/Versions/A/Backup
0x0000000003a86000 	/usr/lib/libarchive.2.dylib
0x0000000003a86000 	/System/Library/Frameworks/CFNetwork.framework/Versions/A/CFNetwork
0x0000000003a86000 	/System/Library/Frameworks/SystemConfiguration.framework/Versions/A/SystemConfiguration
0x0000000003a86000 	/usr/lib/libCRFSuite.dylib
0x0000000003a86000 	/usr/lib/libc++.1.dylib
0x0000000003a86000 	/usr/lib/libc++abi.dylib
0x0000000003a86000 	/usr/lib/system/libcache.dylib
0x0000000003a86000 	/usr/lib/system/libcommonCrypto.dylib
0x0000000003a86000 	/usr/lib/system/libcompiler_rt.dylib
0x0000000003a86000 	/usr/lib/system/libcopyfile.dylib
0x0000000003a86000 	/usr/lib/system/libcorecrypto.dylib
0x0000000003a86000 	/usr/lib/system/libdispatch.dylib
0x0000000003a86000 	/usr/lib/system/libdyld.dylib
0x0000000003a86000 	/usr/lib/system/libkeymgr.dylib
0x0000000003a86000 	/usr/lib/system/liblaunch.dylib
0x0000000003a86000 	/usr/lib/system/libmacho.dylib
0x0000000003a86000 	/usr/lib/system/libquarantine.dylib
0x0000000003a86000 	/usr/lib/system/libremovefile.dylib
0x0000000003a86000 	/usr/lib/system/libsystem_asl.dylib
0x0000000003a86000 	/usr/lib/system/libsystem_blocks.dylib
0x0000000003a86000 	/usr/lib/system/libsystem_c.dylib
0x0000000003a86000 	/usr/lib/system/libsystem_configuration.dylib
0x0000000003a86000 	/usr/lib/system/libsystem_coreservices.dylib
0x0000000003a86000 	/usr/lib/system/libsystem_coretls.dylib
0x0000000003a86000 	/usr/lib/system/libsystem_dnssd.dylib
0x0000000003a86000 	/usr/lib/system/libsystem_info.dylib
0x0000000003a86000 	/usr/lib/system/libsystem_kernel.dylib
0x0000000003a86000 	/usr/lib/system/libsystem_m.dylib
0x0000000003a86000 	/usr/lib/system/libsystem_malloc.dylib
0x0000000003a86000 	/usr/lib/system/libsystem_network.dylib
0x0000000003a86000 	/usr/lib/system/libsystem_networkextension.dylib
0x0000000003a86000 	/usr/lib/system/libsystem_notify.dylib
0x0000000003a86000 	/usr/lib/system/libsystem_platform.dylib
0x0000000003a86000 	/usr/lib/system/libsystem_pthread.dylib
0x0000000003a86000 	/usr/lib/system/libsystem_sandbox.dylib
0x0000000003a86000 	/usr/lib/system/libsystem_secinit.dylib
0x0000000003a86000 	/usr/lib/system/libsystem_stats.dylib
0x0000000003a86000 	/usr/lib/system/libsystem_trace.dylib
0x0000000003a86000 	/usr/lib/system/libunc.dylib
0x0000000003a86000 	/usr/lib/system/libunwind.dylib
0x0000000003a86000 	/usr/lib/system/libxpc.dylib
0x0000000003a86000 	/usr/lib/libbz2.1.0.dylib
0x0000000003a86000 	/usr/lib/liblzma.5.dylib
0x0000000003a86000 	/usr/lib/libbsm.0.dylib
0x0000000003a86000 	/usr/lib/libsqlite3.dylib
0x0000000003a86000 	/usr/lib/system/libkxld.dylib
0x0000000003a86000 	/usr/lib/libxar.1.dylib
0x0000000003a86000 	/usr/lib/libpam.2.dylib
0x0000000003a86000 	/usr/lib/libOpenScriptingUtil.dylib
0x0000000003a86000 	/System/Library/Frameworks/CoreServices.framework/Versions/A/Frameworks/FSEvents.framework/Versions/A/FSEvents
0x0000000003a86000 	/System/Library/Frameworks/CoreServices.framework/Versions/A/Frameworks/CarbonCore.framework/Versions/A/CarbonCore
0x0000000003a86000 	/System/Library/Frameworks/CoreServices.framework/Versions/A/Frameworks/Metadata.framework/Versions/A/Metadata
0x0000000003a86000 	/System/Library/Frameworks/CoreServices.framework/Versions/A/Frameworks/OSServices.framework/Versions/A/OSServices
0x0000000003a86000 	/System/Library/Frameworks/CoreServices.framework/Versions/A/Frameworks/SearchKit.framework/Versions/A/SearchKit
0x0000000003a86000 	/System/Library/Frameworks/CoreServices.framework/Versions/A/Frameworks/AE.framework/Versions/A/AE
0x0000000003a86000 	/System/Library/Frameworks/CoreServices.framework/Versions/A/Frameworks/LaunchServices.framework/Versions/A/LaunchServices
0x0000000003a86000 	/System/Library/Frameworks/CoreServices.framework/Versions/A/Frameworks/DictionaryServices.framework/Versions/A/DictionaryServices
0x0000000003a86000 	/System/Library/Frameworks/NetFS.framework/Versions/A/NetFS
0x0000000003a86000 	/System/Library/PrivateFrameworks/NetAuth.framework/Versions/A/NetAuth
0x0000000003a86000 	/System/Library/PrivateFrameworks/login.framework/Versions/A/Frameworks/loginsupport.framework/Versions/A/loginsupport
0x0000000003a86000 	/System/Library/PrivateFrameworks/TCC.framework/Versions/A/TCC
0x0000000003a86000 	/usr/lib/libmecabra.dylib
0x0000000003a86000 	/System/Library/Frameworks/ApplicationServices.framework/Versions/A/Frameworks/ATS.framework/Versions/A/ATS
0x0000000003a86000 	/System/Library/Frameworks/ApplicationServices.framework/Versions/A/Frameworks/ColorSync.framework/Versions/A/ColorSync
0x0000000003a86000 	/System/Library/Frameworks/ApplicationServices.framework/Versions/A/Frameworks/HIServices.framework/Versions/A/HIServices
0x0000000003a86000 	/System/Library/Frameworks/ApplicationServices.framework/Versions/A/Frameworks/LangAnalysis.framework/Versions/A/LangAnalysis
0x0000000003a86000 	/System/Library/Frameworks/ApplicationServices.framework/Versions/A/Frameworks/PrintCore.framework/Versions/A/PrintCore
0x0000000003a86000 	/System/Library/Frameworks/ApplicationServices.framework/Versions/A/Frameworks/QD.framework/Versions/A/QD
0x0000000003a86000 	/System/Library/Frameworks/ApplicationServices.framework/Versions/A/Frameworks/SpeechSynthesis.framework/Versions/A/SpeechSynthesis
0x0000000003a86000 	/System/Library/Frameworks/Accelerate.framework/Versions/A/Accelerate
0x0000000003a86000 	/System/Library/Frameworks/Accelerate.framework/Versions/A/Frameworks/vImage.framework/Versions/A/vImage
0x0000000003a86000 	/System/Library/Frameworks/Accelerate.framework/Versions/A/Frameworks/vecLib.framework/Versions/A/vecLib
0x0000000003a86000 	/System/Library/Frameworks/Accelerate.framework/Versions/A/Frameworks/vecLib.framework/Versions/A/libvDSP.dylib
0x0000000003a86000 	/System/Library/Frameworks/Accelerate.framework/Versions/A/Frameworks/vecLib.framework/Versions/A/libvMisc.dylib
0x0000000003a86000 	/System/Library/Frameworks/Accelerate.framework/Versions/A/Frameworks/vecLib.framework/Versions/A/libLAPACK.dylib
0x0000000003a86000 	/System/Library/Frameworks/Accelerate.framework/Versions/A/Frameworks/vecLib.framework/Versions/A/libBLAS.dylib
0x0000000003a86000 	/System/Library/Frameworks/Accelerate.framework/Versions/A/Frameworks/vecLib.framework/Versions/A/libLinearAlgebra.dylib
0x0000000003a86000 	/System/Library/Frameworks/ApplicationServices.framework/Versions/A/Frameworks/ATS.framework/Versions/A/Resources/libFontParser.dylib
0x0000000003a86000 	/System/Library/Frameworks/ApplicationServices.framework/Versions/A/Frameworks/ATS.framework/Versions/A/Resources/libFontRegistry.dylib
0x0000000003a86000 	/System/Library/PrivateFrameworks/AppleVPA.framework/Versions/A/AppleVPA
0x0000000003a86000 	/System/Library/PrivateFrameworks/AppleJPEG.framework/Versions/A/AppleJPEG
0x0000000003a86000 	/System/Library/Frameworks/ImageIO.framework/Versions/A/Resources/libJPEG.dylib
0x0000000003a86000 	/System/Library/Frameworks/ImageIO.framework/Versions/A/Resources/libTIFF.dylib
0x0000000003a86000 	/System/Library/Frameworks/ImageIO.framework/Versions/A/Resources/libPng.dylib
0x0000000003a86000 	/System/Library/Frameworks/ImageIO.framework/Versions/A/Resources/libGIF.dylib
0x0000000003a86000 	/System/Library/Frameworks/ImageIO.framework/Versions/A/Resources/libJP2.dylib
0x0000000003a86000 	/System/Library/Frameworks/ImageIO.framework/Versions/A/Resources/libRadiance.dylib
0x0000000003a86000 	/System/Library/Frameworks/CoreVideo.framework/Versions/A/CoreVideo
0x0000000003a86000 	/System/Library/Frameworks/OpenGL.framework/Versions/A/Libraries/libGLU.dylib
0x0000000003a86000 	/System/Library/Frameworks/OpenGL.framework/Versions/A/Libraries/libGFXShared.dylib
0x0000000003a86000 	/System/Library/Frameworks/OpenGL.framework/Versions/A/Libraries/libGL.dylib
0x0000000003a86000 	/System/Library/Frameworks/OpenGL.framework/Versions/A/Libraries/libGLImage.dylib
0x0000000003a86000 	/System/Library/Frameworks/OpenGL.framework/Versions/A/Libraries/libCVMSPluginSupport.dylib
0x0000000003a86000 	/System/Library/Frameworks/OpenGL.framework/Versions/A/Libraries/libCoreVMClient.dylib
0x0000000003a86000 	/usr/lib/libcups.2.dylib
0x0000000003a86000 	/System/Library/Frameworks/Kerberos.framework/Versions/A/Kerberos
0x0000000003a86000 	/System/Library/Frameworks/GSS.framework/Versions/A/GSS
0x0000000003a86000 	/usr/lib/libresolv.9.dylib
0x0000000003a86000 	/usr/lib/libiconv.2.dylib
0x0000000003a86000 	/System/Library/PrivateFrameworks/Heimdal.framework/Versions/A/Heimdal
0x0000000003a86000 	/usr/lib/libheimdal-asn1.dylib
0x0000000003a86000 	/System/Library/Frameworks/OpenDirectory.framework/Versions/A/OpenDirectory
0x0000000003a86000 	/System/Library/PrivateFrameworks/CommonAuth.framework/Versions/A/CommonAuth
0x0000000003a86000 	/System/Library/Frameworks/OpenDirectory.framework/Versions/A/Frameworks/CFOpenDirectory.framework/Versions/A/CFOpenDirectory
0x0000000003a86000 	/System/Library/Frameworks/SecurityFoundation.framework/Versions/A/SecurityFoundation
0x0000000003a86000 	/System/Library/PrivateFrameworks/LanguageModeling.framework/Versions/A/LanguageModeling
0x0000000003a86000 	/usr/lib/libcmph.dylib
0x0000000003a86000 	/System/Library/Frameworks/ServiceManagement.framework/Versions/A/ServiceManagement
0x0000000003a86000 	/usr/lib/libxslt.1.dylib
0x0000000003a86000 	/System/Library/Frameworks/Carbon.framework/Versions/A/Frameworks/Ink.framework/Versions/A/Ink
0x0000000003a86000 	/System/Library/Frameworks/QuartzCore.framework/Versions/A/Frameworks/CoreImage.framework/Versions/A/CoreImage
0x0000000003a86000 	/System/Library/PrivateFrameworks/CrashReporterSupport.framework/Versions/A/CrashReporterSupport
0x0000000003a86000 	/System/Library/Frameworks/OpenCL.framework/Versions/A/OpenCL
0x0000000003a86000 	/System/Library/PrivateFrameworks/FaceCore.framework/Versions/A/FaceCore
0x0000000003a86000 	/System/Library/PrivateFrameworks/Ubiquity.framework/Versions/A/Ubiquity
0x0000000003a86000 	/System/Library/PrivateFrameworks/IconServices.framework/Versions/A/IconServices
0x0000000003a86000 	/System/Library/PrivateFrameworks/ChunkingLibrary.framework/Versions/A/ChunkingLibrary
0x0000000003a86000 	/System/Library/PrivateFrameworks/Apple80211.framework/Versions/A/Apple80211
0x0000000003a86000 	/System/Library/Frameworks/CoreWLAN.framework/Versions/A/CoreWLAN
0x0000000003a86000 	/System/Library/Frameworks/IOBluetooth.framework/Versions/A/IOBluetooth
0x0000000003a86000 	/System/Library/PrivateFrameworks/CoreWiFi.framework/Versions/A/CoreWiFi
0x0000000003a86000 	/System/Library/Frameworks/CoreBluetooth.framework/Versions/A/CoreBluetooth
0x0000000003a86000 	/System/Library/PrivateFrameworks/DebugSymbols.framework/Versions/A/DebugSymbols
0x0000000003a86000 	/System/Library/PrivateFrameworks/CoreSymbolication.framework/Versions/A/CoreSymbolication
0x0000000003a86000 	/System/Library/PrivateFrameworks/Symbolication.framework/Versions/A/Symbolication
0x0000000003a86000 	/System/Library/PrivateFrameworks/SpeechRecognitionCore.framework/Versions/A/SpeechRecognitionCore
0x000000010ee00000 	/Library/Java/JavaVirtualMachines/jdk1.7.0_71.jdk/Contents/Home/jre/lib/server/libjvm.dylib
0x0000000003a86000 	/usr/lib/libstdc++.6.dylib
0x000000010e573000 	/Library/Java/JavaVirtualMachines/jdk1.7.0_71.jdk/Contents/Home/jre/lib/libverify.dylib
0x000000010e580000 	/Library/Java/JavaVirtualMachines/jdk1.7.0_71.jdk/Contents/Home/jre/lib/libjava.dylib
0x000000010e5ba000 	/Library/Java/JavaVirtualMachines/jdk1.7.0_71.jdk/Contents/Home/jre/lib/libzip.dylib
0x00000001190a5000 	/System/Library/Frameworks/JavaVM.framework/Frameworks/JavaRuntimeSupport.framework/JavaRuntimeSupport
0x00000001190bb000 	/System/Library/Frameworks/JavaVM.framework/Versions/A/Frameworks/JavaNativeFoundation.framework/Versions/A/JavaNativeFoundation
0x000000010e5ed000 	/System/Library/Frameworks/JavaVM.framework/Versions/A/JavaVM
0x0000000003a86000 	/System/Library/Frameworks/Carbon.framework/Versions/A/Carbon
0x00000001190cf000 	/System/Library/PrivateFrameworks/JavaLaunching.framework/Versions/A/JavaLaunching
0x0000000003a86000 	/System/Library/Frameworks/Carbon.framework/Versions/A/Frameworks/CommonPanels.framework/Versions/A/CommonPanels
0x0000000003a86000 	/System/Library/Frameworks/Carbon.framework/Versions/A/Frameworks/Help.framework/Versions/A/Help
0x0000000003a86000 	/System/Library/Frameworks/Carbon.framework/Versions/A/Frameworks/ImageCapture.framework/Versions/A/ImageCapture
0x0000000003a86000 	/System/Library/Frameworks/Carbon.framework/Versions/A/Frameworks/OpenScripting.framework/Versions/A/OpenScripting
0x0000000003a86000 	/System/Library/Frameworks/Carbon.framework/Versions/A/Frameworks/Print.framework/Versions/A/Print
0x0000000003a86000 	/System/Library/Frameworks/Carbon.framework/Versions/A/Frameworks/SecurityHI.framework/Versions/A/SecurityHI
0x000000011aeda000 	/Library/Java/JavaVirtualMachines/jdk1.7.0_71.jdk/Contents/Home/jre/lib/libawt.dylib
0x000000011af89000 	/Library/Java/JavaVirtualMachines/jdk1.7.0_71.jdk/Contents/Home/jre/lib/./libmlib_image.dylib
0x000000011b055000 	/Library/Java/JavaVirtualMachines/jdk1.7.0_71.jdk/Contents/Home/jre/lib/lwawt/liblwawt.dylib
0x000000011b109000 	/Library/Java/JavaVirtualMachines/jdk1.7.0_71.jdk/Contents/Home/jre/lib/libosxapp.dylib
0x0000000003a86000 	/System/Library/Frameworks/ExceptionHandling.framework/Versions/A/ExceptionHandling
0x0000000003a86000 	/System/Library/PrivateFrameworks/CoreServicesInternal.framework/Versions/A/CoreServicesInternal
0x0000000003a86000 	/System/Library/PrivateFrameworks/CloudDocs.framework/Versions/A/CloudDocs
0x0000000003a86000 	/System/Library/PrivateFrameworks/CoreDuet.framework/Versions/A/CoreDuet
0x0000000003a86000 	/System/Library/Frameworks/CloudKit.framework/Versions/A/CloudKit
0x0000000003a86000 	/System/Library/PrivateFrameworks/ProtocolBuffer.framework/Versions/A/ProtocolBuffer
0x0000000003a86000 	/System/Library/PrivateFrameworks/CoreDuetDaemonProtocol.framework/Versions/A/CoreDuetDaemonProtocol
0x0000000003a86000 	/System/Library/PrivateFrameworks/CoreDuetDebugLogging.framework/Versions/A/CoreDuetDebugLogging
0x0000000003a86000 	/System/Library/PrivateFrameworks/MMCS.framework/Versions/A/MMCS
0x0000000003a86000 	/System/Library/Frameworks/CoreLocation.framework/Versions/A/CoreLocation
0x0000000003a86000 	/System/Library/PrivateFrameworks/ProtectedCloudStorage.framework/Versions/A/ProtectedCloudStorage
0x0000000003a86000 	/System/Library/PrivateFrameworks/GeoServices.framework/Versions/A/GeoServices
0x0000000003a86000 	/System/Library/Frameworks/CoreGraphics.framework/Versions/A/Resources/libCGCMS.A.dylib
0x0000000003a86000 	/System/Library/Frameworks/CoreGraphics.framework/Versions/A/Resources/libRIP.A.dylib
0x0000000003a86000 	/System/Library/Frameworks/CoreGraphics.framework/Versions/A/Resources/libCGXType.A.dylib
0x0000000003a86000 	/System/Library/Frameworks/OpenCL.framework/Versions/A/Libraries/libcldcpuengine.dylib
0x0000000003a86000 	/System/Library/PrivateFrameworks/DiskImages.framework/Versions/A/DiskImages
0x0000000003a86000 	/System/Library/Frameworks/DiscRecording.framework/Versions/A/DiscRecording
0x0000000003a86000 	/usr/lib/libcsfde.dylib
0x0000000003a86000 	/usr/lib/libcurl.4.dylib
0x0000000003a86000 	/System/Library/PrivateFrameworks/MediaKit.framework/Versions/A/MediaKit
0x0000000003a86000 	/usr/lib/libCoreStorage.dylib
0x0000000003a86000 	/System/Library/PrivateFrameworks/EFILogin.framework/Versions/A/EFILogin
0x0000000003a86000 	/usr/lib/libutil.dylib
0x0000000003a86000 	/System/Library/PrivateFrameworks/FindMyDevice.framework/Versions/A/FindMyDevice
0x0000000003a86000 	/System/Library/Frameworks/LDAP.framework/Versions/A/LDAP
0x0000000003a86000 	/usr/lib/libsasl2.2.dylib
0x0000000003a86000 	/System/Library/PrivateFrameworks/CoreDaemon.framework/Versions/B/CoreDaemon
0x0000000003a86000 	/usr/lib/libcrypto.0.9.8.dylib
0x0000000003a86000 	/System/Library/PrivateFrameworks/AppleSRP.framework/Versions/A/AppleSRP
0x0000000003a86000 	/System/Library/PrivateFrameworks/TrustEvaluationAgent.framework/Versions/A/TrustEvaluationAgent
0x000000011e39e000 	cl_kernels
0x000000011e3a0000 	/System/Library/Frameworks/OpenCL.framework/Versions/A/Libraries/ImageFormats/unorm8_bgra.dylib
0x000000011e390000 	cl_kernels
0x0000000003a86000 	/System/Library/PrivateFrameworks/FamilyControls.framework/Versions/A/FamilyControls
0x0000000003a86000 	/System/Library/PrivateFrameworks/CommerceKit.framework/Versions/A/Frameworks/CommerceCore.framework/Versions/A/CommerceCore
0x0000000003a86000 	/System/Library/PrivateFrameworks/SystemAdministration.framework/Versions/A/SystemAdministration
0x0000000003a86000 	/System/Library/PrivateFrameworks/AppContainer.framework/Versions/A/AppContainer
0x0000000003a86000 	/System/Library/PrivateFrameworks/SecCodeWrapper.framework/Versions/A/SecCodeWrapper
0x0000000003a86000 	/System/Library/Frameworks/DirectoryService.framework/Versions/A/DirectoryService
0x0000000003a86000 	/System/Library/PrivateFrameworks/LoginUIKit.framework/Versions/A/Frameworks/LoginUICore.framework/Versions/A/LoginUICore
0x0000000003a86000 	/usr/lib/libodfde.dylib
0x000000011f5d8000 	/Library/Java/JavaVirtualMachines/jdk1.7.0_71.jdk/Contents/Home/jre/lib/libfontmanager.dylib
0x000000011f63f000 	/Users/oswins/Documents/Long-Term-Project/Learning Slick2D/lib/lwjgl-2.9.3/native/macosx/liblwjgl.dylib
0x000000011d7ed000 	/Library/Java/JavaVirtualMachines/jdk1.7.0_71.jdk/Contents/Home/jre/lib/libjawt.dylib
0x000000011d7f0000 	/Library/Java/JavaVirtualMachines/jdk1.7.0_71.jdk/Contents/Home/jre/lib/libnio.dylib
0x000000011d7ff000 	/Library/Java/JavaVirtualMachines/jdk1.7.0_71.jdk/Contents/Home/jre/lib/./libnet.dylib
0x0000000003a86000 	/System/Library/Frameworks/OpenGL.framework/Versions/A/Resources/GLEngine.bundle/GLEngine
0x0000000003a86000 	/System/Library/Frameworks/OpenGL.framework/Versions/A/Libraries/libGLProgrammability.dylib
0x0000000000000000 	/System/Library/Extensions/AppleIntelHD5000GraphicsGLDriver.bundle/Contents/MacOS/AppleIntelHD5000GraphicsGLDriver
0x0000000003a86000 	/System/Library/PrivateFrameworks/IOAccelerator.framework/Versions/A/IOAccelerator
0x0000000003a86000 	/System/Library/PrivateFrameworks/GPUSupport.framework/Versions/A/Libraries/libGPUSupportMercury.dylib
0x0000000003a86000 	/System/Library/Frameworks/OpenGL.framework/Versions/A/Resources/GLRendererFloat.bundle/GLRendererFloat

VM Arguments:
jvm_args: -Djava.library.path=/Users/oswins/Documents/Long-Term-Project/Learning Slick2D/lib/lwjgl-2.9.3/native/macosx -Dfile.encoding=UTF-8 
java_command: firstTry.World
Launcher Type: SUN_STANDARD

Environment Variables:
PATH=/usr/bin:/bin:/usr/sbin:/sbin
SHELL=/bin/bash
DISPLAY=/private/tmp/com.apple.launchd.ZBTYaJZoJ6/org.macosforge.xquartz:0

Signal Handlers:
SIGSEGV: [libjvm.dylib+0x52c49d], sa_mask[0]=0xfffefeff, sa_flags=0x00000043
SIGBUS: [libjvm.dylib+0x52c49d], sa_mask[0]=0xfffefeff, sa_flags=0x00000042
SIGFPE: [libjvm.dylib+0x41e53a], sa_mask[0]=0xfffefeff, sa_flags=0x00000042
SIGPIPE: [libjvm.dylib+0x41e53a], sa_mask[0]=0xfffefeff, sa_flags=0x00000042
SIGXFSZ: [libjvm.dylib+0x41e53a], sa_mask[0]=0xfffefeff, sa_flags=0x00000042
SIGILL: [libjvm.dylib+0x41e53a], sa_mask[0]=0xfffefeff, sa_flags=0x00000042
SIGUSR1: SIG_DFL, sa_mask[0]=0x00000000, sa_flags=0x00000000
SIGUSR2: [libjvm.dylib+0x41e02c], sa_mask[0]=0x00000004, sa_flags=0x00000042
SIGHUP: [libjvm.dylib+0x41c2bd], sa_mask[0]=0xfffefeff, sa_flags=0x00000042
SIGINT: [libjvm.dylib+0x41c2bd], sa_mask[0]=0xfffefeff, sa_flags=0x00000042
SIGTERM: [libjvm.dylib+0x41c2bd], sa_mask[0]=0xfffefeff, sa_flags=0x00000042
SIGQUIT: [libjvm.dylib+0x41c2bd], sa_mask[0]=0xfffefeff, sa_flags=0x00000042


---------------  S Y S T E M  ---------------

OS:Bsduname:Darwin 14.3.0 Darwin Kernel Version 14.3.0: Mon Mar 23 11:59:05 PDT 2015; root:xnu-2782.20.48~5/RELEASE_X86_64 x86_64
rlimit: STACK 8192k, CORE 0k, NPROC 709, NOFILE 10240, AS infinity
load average:4.59 2.22 1.74

CPU:total 4 (2 cores per cpu, 2 threads per core) family 6 model 69 stepping 1, cmov, cx8, fxsr, mmx, sse, sse2, sse3, ssse3, sse4.1, sse4.2, popcnt, avx, avx2, aes, erms, ht, tsc, tscinvbit

Memory: 4k page, physical 8388608k(2097152k free)

/proc/meminfo:


vm_info: Java HotSpot(TM) 64-Bit Server VM (24.71-b01) for bsd-amd64 JRE (1.7.0_71-b14), built on Sep 26 2014 16:11:44 by "java_re" with gcc 4.2.1 (Based on Apple Inc. build 5658) (LLVM build 2336.11.00)

time: Mon Jun  8 16:28:00 2015
elapsed time: 4 seconds

